[21:00:35] [ServerMain/INFO]: Environment: Environment[sessionHost=https://sessionserver.mojang.com, servicesHost=https://api.minecraftservices.com, profilesHost=https://api.mojang.com, name=PROD]
[21:00:36] [ServerMain/INFO]: No existing world data, creating new world
[21:00:37] [ServerMain/INFO]: Loaded 1470 recipes
[21:00:37] [ServerMain/INFO]: Loaded 1584 advancements
[21:00:37] [Server thread/INFO]: Starting minecraft server version 1.21.11
[21:00:37] [Server thread/INFO]: Loading properties
[21:00:37] [Server thread/INFO]: Default game type: SURVIVAL
[21:00:37] [Server thread/INFO]: Generating keypair
[21:00:37] [Server thread/INFO]: Starting Minecraft server on *:25565
[21:00:37] [Server thread/WARN]: **** SERVER IS RUNNING IN OFFLINE/INSECURE MODE!
[21:00:37] [Server thread/WARN]: The server will make no attempt to authenticate usernames. Beware.
[21:00:37] [Server thread/WARN]: While this makes the game possible to play without internet access, it also opens up the ability for hackers to connect with any username they choose.
[21:00:37] [Server thread/WARN]: To change this, set "online-mode" to "true" in the server.properties file.
[21:00:37] [Server thread/INFO]: Preparing level "world"
[21:00:38] [Server thread/INFO]: Selecting global world spawn...
[21:00:42] [Server thread/INFO]: Loading 0 persistent chunks...
[21:00:42] [Server thread/INFO]: Preparing spawn area: 100%
[21:00:42] [Server thread/INFO]: Time elapsed: 4696 ms
[21:00:42] [Server thread/INFO]: Done (5.011s)! For help, type "help"
[21:01:42] [Server thread/INFO]: Server empty for 60 seconds, pausing
